INFO - 
INFO - Array
(
    [USERID] => nalotest
    [MSISDN] => 233243343261
    [USERDATA] => 1
    [MSGTYPE] => 1
    [NETWORK] => MTN
)

INFO - {
"USERID" : "nalotest",
"MSISDN": "233243343261",
"USERDATA" : "1",
"MSGTYPE" : true,
"NETWORK" : "MTN"
}
2020-11-09T11:23:44+01:00 [Foo] {
"USERID" : "nalotest",
"MSISDN": "233243343261",
"USERDATA" : "1",
"MSGTYPE" : false,
"NETWORK" : "MTN"
}
2020-11-09T11:52:32+01:00 [Foo] {
"USERID" : "nalotest",
"MSISDN": "233243343261",
"USERDATA" : "1",
"MSGTYPE" : false,
"NETWORK" : "MTN"
}
2020-11-09T11:52:36+01:00 [Foo] {
"USERID" : "nalotest",
"MSISDN": "233243343261",
"USERDATA" : "1",
"MSGTYPE" : false,
"NETWORK" : "MTN"
}
2020-11-09T11:52:44+01:00 [Foo] {
"USERID" : "nalotest",
"MSISDN": "233243343261",
"USERDATA" : "1",
"MSGTYPE" : false,
"NETWORK" : "MTN"
}
2020-11-09T11:53:20+01:00 [Foo] {
"USERID" : "nalotest",
"MSISDN": "233243343261",
"USERDATA" : "1",
"MSGTYPE" : true,
"NETWORK" : "MTN"
}
2020-11-09T11:53:25+01:00 [Foo] {
"USERID" : "nalotest",
"MSISDN": "233243343261",
"USERDATA" : "1",
"MSGTYPE" : false,
"NETWORK" : "MTN"
}
2020-11-09T11:53:53+01:00 [Foo] {
"USERID" : "nalotest",
"MSISDN": "233243343261",
"USERDATA" : "1",
"MSGTYPE" : false,
"NETWORK" : "MTN"
}
2020-11-09T12:22:43+01:00 [Foo] {
"USERID" : "nalotest",
"MSISDN": "233243343261",
"USERDATA" : "1",
"MSGTYPE" : true,
"NETWORK" : "MTN"
}
2020-11-09T12:25:35+01:00 [Foo] {
"USERID" : "nalotest",
"MSISDN": "233243343261",
"USERDATA" : "1",
"MSGTYPE" : true,
"NETWORK" : "MTN"
}
2020-11-09T12:25:35+01:00 [Foo] Array
(
    [USERID] => nalotest
    [MSISDN] => 233243343261
    [USERDATA] => 1
    [MSG] => Welcome To TrendiPay
1. Buy Airtime
2. Buy Data Bundles
3. Bill Payment
4. Merchants
5. Contact Us
    [MSGTYPE] => 1
)

2020-11-09T12:26:14+01:00 [Foo] {
"USERID" : "nalotest",
"MSISDN": "233243343261",
"USERDATA" : "1",
"MSGTYPE" : false,
"NETWORK" : "MTN"
}
2020-11-09T12:26:14+01:00 [Foo] Array
(
    [USERID] => nalotest
    [MSISDN] => 233243343261
    [USERDATA] => 1
    [MSG] => Select a network provider
1.MTN
2.Vodafone
3.AirtelTigo
4.Glo

00.Back
    [MSGTYPE] => 1
)

2020-11-09T12:27:22+01:00 [Foo] {
"USERID" : "nalotest",
"MSISDN": "233243343261",
"USERDATA" : "1",
"MSGTYPE" : true,
"NETWORK" : "MTN"
}
2020-11-09T12:27:22+01:00 [Foo] Array
(
    [USERID] => nalotest
    [MSISDN] => 233243343261
    [USERDATA] => 1
    [MSG] => Welcome To TrendiPay
1. Buy Airtime
2. Buy Data Bundles
3. Bill Payment
4. Merchants
5. Contact Us
    [MSGTYPE] => 1
)

2020-11-09T12:27:28+01:00 [Foo] {
"USERID" : "nalotest",
"MSISDN": "233243343261",
"USERDATA" : "1",
"MSGTYPE" : false,
"NETWORK" : "MTN"
}
2020-11-09T12:27:28+01:00 [Foo] Array
(
    [USERID] => nalotest
    [MSISDN] => 233243343261
    [USERDATA] => 1
    [MSG] => Select a network provider
1.MTN
2.Vodafone
3.AirtelTigo
4.Glo

00.Back
    [MSGTYPE] => 1
)

2020-11-09T12:27:42+01:00 [Foo] {
"USERID" : "nalotest",
"MSISDN": "233243343261",
"USERDATA" : "1",
"MSGTYPE" : false,
"NETWORK" : "MTN"
}
2020-11-09T12:27:42+01:00 [Foo] Array
(
    [USERID] => nalotest
    [MSISDN] => 233243343261
    [USERDATA] => 1
    [MSG] => Enter Recipient's Number
    [MSGTYPE] => 1
)

2020-11-09T13:03:23+01:00 [Foo] {
"USERID" : "nalotest",
"MSISDN": "233243343261",
"USERDATA" : "1",
"MSGTYPE" : true,
"NETWORK" : "MTN"
}
2020-11-09T13:03:23+01:00 [Foo] Array
(
    [USERID] => nalotest
    [MSISDN] => 233243343261
    [USERDATA] => 1
    [MSG] => Welcome To TrendiPay
1. Buy Airtime
2. Buy Data Bundles
3. Bill Payment
4. Merchants
5. Contact Us
    [MSGTYPE] => 1
)

2020-11-09T12:03:49+00:00 [Foo] 
